<?xml version="1.0" encoding="UTF-8"?>
<!-- Generated by org.testng.reporters.JUnitXMLReporter -->
<testsuite hostname="DESKTOP-IELBS6Q" ignored="0" name="Default test" tests="4" failures="0" timestamp="24 May 2022 06:37:12 GMT" time="13.039" errors="0">
  <testcase name="Addition" time="0.911" classname="demo.Calculator"/>
  <testcase name="Division" time="0.717" classname="demo.Calculator"/>
  <testcase name="Multiplication" time="0.499" classname="demo.Calculator"/>
  <testcase name="Subtraction" time="1.481" classname="demo.Calculator"/>
</testsuite> <!-- Default test -->
